INFO  2022-01-07 13:03:24,214 [WrapperListener_start_runner] [processor: ; event: ] org.mule.runtime.api.message.AbstractMuleMessageBuilderFactory: Loaded MuleMessageBuilderFactory implementation 'org.mule.runtime.core.internal.message.DefaultMessageBuilderFactory' from classloader 'org.mule.runtime.module.reboot.internal.MuleContainerSystemClassLoader@419091f4'
INFO  2022-01-07 13:03:24,246 [WrapperListener_start_runner] [processor: ; event: ] org.mule.runtime.api.el.AbstractBindingContextBuilderFactory: Loaded BindingContextBuilderFactory implementation 'org.mule.runtime.core.api.el.DefaultBindingContextBuilderFactory' from classloader 'org.mule.runtime.module.reboot.internal.MuleContainerSystemClassLoader@419091f4'
INFO  2022-01-07 13:03:29,403 [WrapperListener_start_runner] [processor: ; event: ] org.mule.runtime.core.internal.util.journal.TransactionJournal: Using files for tx logs E:\AnypointStudio-7.11.0-win64\AnypointStudio\plugins\org.mule.tooling.server.4.4.0.ee_7.11.0.202109220119\mule\.\.mule\creatingachatbox\queue-tx-log\tx1.log and E:\AnypointStudio-7.11.0-win64\AnypointStudio\plugins\org.mule.tooling.server.4.4.0.ee_7.11.0.202109220119\mule\.\.mule\creatingachatbox\queue-tx-log\tx2.log
INFO  2022-01-07 13:03:29,412 [WrapperListener_start_runner] [processor: ; event: ] org.mule.runtime.core.internal.util.journal.TransactionJournal: Using files for tx logs E:\AnypointStudio-7.11.0-win64\AnypointStudio\plugins\org.mule.tooling.server.4.4.0.ee_7.11.0.202109220119\mule\.\.mule\creatingachatbox\queue-xa-tx-log\tx1.log and E:\AnypointStudio-7.11.0-win64\AnypointStudio\plugins\org.mule.tooling.server.4.4.0.ee_7.11.0.202109220119\mule\.\.mule\creatingachatbox\queue-xa-tx-log\tx2.log
INFO  2022-01-07 13:03:29,459 [WrapperListener_start_runner] [processor: ; event: ] org.mule.runtime.core.privileged.lifecycle.AbstractLifecycleManager: Initialising Bean: org.mule.runtime.module.extension.internal.runtime.config.ConfigurationProviderToolingAdapter-HTTP_Listener_config
INFO  2022-01-07 13:03:29,774 [WrapperListener_start_runner] [processor: ; event: ] org.mule.runtime.core.internal.construct.FlowConstructLifecycleManager: Initialising flow: creatingachatboxFlow
INFO  2022-01-07 13:03:29,844 [WrapperListener_start_runner] [processor: ; event: ] org.mule.runtime.core.privileged.lifecycle.AbstractLifecycleManager: Initialising Bean: listener
INFO  2022-01-07 13:03:29,950 [WrapperListener_start_runner] [processor: ; event: ] org.mule.runtime.core.internal.security.tls.TlsProperties: Loading configuration file: tls-default.conf
INFO  2022-01-07 13:03:29,951 [WrapperListener_start_runner] [processor: ; event: ] org.mule.runtime.api.tls.AbstractTlsContextFactoryBuilderFactory: Loaded TlsContextFactoryBuilderFactory implementation 'org.mule.runtime.module.tls.api.DefaultTlsContextFactoryBuilderFactory' from classloader 'org.mule.runtime.module.reboot.internal.MuleContainerSystemClassLoader@419091f4'
INFO  2022-01-07 13:03:29,958 [WrapperListener_start_runner] [processor: ; event: ] org.mule.runtime.core.privileged.lifecycle.AbstractLifecycleManager: Initialising Bean: org.mule.runtime.module.extension.internal.runtime.config.ConfigurationProviderToolingAdapter-HTTP-requestConfig-implicit
INFO  2022-01-07 13:03:30,639 [ArtifactDeployer.start.01] [processor: ; event: ] org.mule.runtime.core.internal.util.queue.QueueXaResourceManager: Starting ResourceManager
INFO  2022-01-07 13:03:30,640 [ArtifactDeployer.start.01] [processor: ; event: ] org.mule.runtime.core.internal.util.queue.QueueXaResourceManager: Started ResourceManager
INFO  2022-01-07 13:03:30,647 [ArtifactDeployer.start.01] [processor: ; event: ] org.mule.runtime.core.privileged.lifecycle.AbstractLifecycleManager: Starting Bean: org.mule.runtime.module.extension.internal.runtime.config.ConfigurationProviderToolingAdapter-HTTP_Listener_config
INFO  2022-01-07 13:03:30,680 [ArtifactDeployer.start.01] [processor: ; event: ] org.mule.runtime.core.privileged.lifecycle.AbstractLifecycleManager: Starting Bean: org.mule.runtime.module.extension.internal.runtime.config.ConfigurationProviderToolingAdapter-HTTP-requestConfig-implicit
INFO  2022-01-07 13:03:30,860 [ArtifactDeployer.start.01] [processor: ; event: ] org.mule.runtime.core.internal.construct.FlowConstructLifecycleManager: Starting flow: creatingachatboxFlow
INFO  2022-01-07 13:03:31,180 [ArtifactDeployer.start.01] [processor: ; event: ] org.mule.runtime.core.privileged.lifecycle.AbstractLifecycleManager: Starting Bean: listener
WARN  2022-01-07 13:03:31,182 [ArtifactDeployer.start.01] [processor: ; event: ] com.mulesoft.agent.configuration.descriptor.YamlMuleAgentDescriptor: Descriptor file E:\AnypointStudio-7.11.0-win64\AnypointStudio\plugins\org.mule.tooling.server.4.4.0.ee_7.11.0.202109220119\mule\conf\creatingachatbox.yml not found.
WARN  2022-01-07 13:03:31,182 [ArtifactDeployer.start.01] [processor: ; event: ] com.mulesoft.agent.services.application.AgentApplicationService: Application fragment not found for application: creatingachatbox
INFO  2022-01-07 13:03:31,182 [ArtifactDeployer.start.01] [processor: ; event: ] org.mule.runtime.core.internal.logging.LogUtil: 
**********************************************************************
* Application: creatingachatbox                                      *
* OS encoding: windows-1252, Mule encoding: UTF-8                    *
*                                                                    *
**********************************************************************
